# JRE version: OpenJDK Runtime Environment (11.0.8+10) (build 11.0.8+10-b944.6842174)
# Java VM: OpenJDK 64-Bit Server VM (11.0.8+10-b944.6842174, mixed mode, tiered, compressed oops, g1 gc, windows-amd64)
Heap:
 garbage-first heap   total 703488K, used 252622K [0x0000000080000000, 0x0000000100000000)
  region size 1024K, 3 young (3072K), 3 survivors (3072K)
 Metaspace       used 132511K, capacity 136646K, committed 137392K, reserved 1169408K
  class space    used 16052K, capacity 17529K, committed 17664K, reserved 1048576K
GC Heap History (20 events):
Event: 17657.842 GC heap after
{Heap after GC invocations=431 (full 1):
 garbage-first heap   total 294912K, used 165426K [0x0000000080000000, 0x0000000100000000)
  region size 1024K, 9 young (9216K), 9 survivors (9216K)
 Metaspace       used 132228K, capacity 136388K, committed 137136K, reserved 1169408K
  class space    used 16033K, capacity 17516K, committed 17664K, reserved 1048576K
}
Event: 17658.207 GC heap before
{Heap before GC invocations=431 (full 1):
 garbage-first heap   total 294912K, used 170546K [0x0000000080000000, 0x0000000100000000)
  region size 1024K, 14 young (14336K), 9 survivors (9216K)
 Metaspace       used 132229K, capacity 136388K, committed 137136K, reserved 1169408K
  class space    used 16033K, capacity 17516K, committed 17664K, reserved 1048576K
}
Event: 17658.250 GC heap after
{Heap after GC invocations=432 (full 1):
 garbage-first heap   total 294912K, used 158695K [0x0000000080000000, 0x0000000100000000)
  region size 1024K, 2 young (2048K), 2 survivors (2048K)
 Metaspace       used 132229K, capacity 136388K, committed 137136K, reserved 1169408K
  class space    used 16033K, capacity 17516K, committed 17664K, reserved 1048576K
}
Event: 17658.557 GC heap before
{Heap before GC invocations=432 (full 1):
 garbage-first heap   total 294912K, used 170983K [0x0000000080000000, 0x0000000100000000)
  region size 1024K, 16 young (16384K), 2 survivors (2048K)
 Metaspace       used 132241K, capacity 136390K, committed 137136K, reserved 1169408K
  class space    used 16033K, capacity 17516K, committed 17664K, reserved 1048576K
}
Event: 17658.566 GC heap after
{Heap after GC invocations=433 (full 1):
 garbage-first heap   total 294912K, used 162151K [0x0000000080000000, 0x0000000100000000)
  region size 1024K, 6 young (6144K), 6 survivors (6144K)
 Metaspace       used 132241K, capacity 136390K, committed 137136K, reserved 1169408K
  class space    used 16033K, capacity 17516K, committed 17664K, reserved 1048576K
}
Event: 17659.850 GC heap before
{Heap before GC invocations=434 (full 1):
 garbage-first heap   total 294912K, used 220519K [0x0000000080000000, 0x0000000100000000)
  region size 1024K, 63 young (64512K), 6 survivors (6144K)
 Metaspace       used 132343K, capacity 136481K, committed 137136K, reserved 1169408K
  class space    used 16042K, capacity 17522K, committed 17664K, reserved 1048576K
}
Event: 17659.860 GC heap after
{Heap after GC invocations=435 (full 1):
 garbage-first heap   total 294912K, used 168763K [0x0000000080000000, 0x0000000100000000)
  region size 1024K, 8 young (8192K), 8 survivors (8192K)
 Metaspace       used 132343K, capacity 136481K, committed 137136K, reserved 1169408K
  class space    used 16042K, capacity 17522K, committed 17664K, reserved 1048576K
}
Event: 17659.895 GC heap before
{Heap before GC invocations=435 (full 1):
 garbage-first heap   total 294912K, used 173883K [0x0000000080000000, 0x0000000100000000)
  region size 1024K, 14 young (14336K), 8 survivors (8192K)
 Metaspace       used 132345K, capacity 136481K, committed 137136K, reserved 1169408K
  class space    used 16042K, capacity 17522K, committed 17664K, reserved 1048576K
}
Event: 17659.906 GC heap after
{Heap after GC invocations=436 (full 1):
 garbage-first heap   total 294912K, used 156644K [0x0000000080000000, 0x0000000100000000)
  region size 1024K, 1 young (1024K), 1 survivors (1024K)
 Metaspace       used 132345K, capacity 136481K, committed 137136K, reserved 1169408K
  class space    used 16042K, capacity 17522K, committed 17664K, reserved 1048576K
}
Event: 17660.224 GC heap before
{Heap before GC invocations=436 (full 1):
 garbage-first heap   total 294912K, used 172004K [0x0000000080000000, 0x0000000100000000)
  region size 1024K, 17 young (17408K), 1 survivors (1024K)
 Metaspace       used 132352K, capacity 136481K, committed 137136K, reserved 1169408K
  class space    used 16042K, capacity 17522K, committed 17664K, reserved 1048576K
}
Event: 17660.231 GC heap after
{Heap after GC invocations=437 (full 1):
 garbage-first heap   total 354304K, used 157662K [0x0000000080000000, 0x0000000100000000)
  region size 1024K, 2 young (2048K), 2 survivors (2048K)
 Metaspace       used 132352K, capacity 136481K, committed 137136K, reserved 1169408K
  class space    used 16042K, capacity 17522K, committed 17664K, reserved 1048576K
}
Event: 17660.915 GC heap before
{Heap before GC invocations=437 (full 1):
 garbage-first heap   total 354304K, used 279518K [0x0000000080000000, 0x0000000100000000)
  region size 1024K, 102 young (104448K), 2 survivors (2048K)
 Metaspace       used 132494K, capacity 136644K, committed 137392K, reserved 1169408K
  class space    used 16052K, capacity 17529K, committed 17664K, reserved 1048576K
}
Event: 17661.000 GC heap after
{Heap after GC invocations=438 (full 1):
 garbage-first heap   total 354304K, used 213868K [0x0000000080000000, 0x0000000100000000)
  region size 1024K, 13 young (13312K), 13 survivors (13312K)
 Metaspace       used 132494K, capacity 136644K, committed 137392K, reserved 1169408K
  class space    used 16052K, capacity 17529K, committed 17664K, reserved 1048576K
}
Event: 17661.394 GC heap before
{Heap before GC invocations=439 (full 1):
 garbage-first heap   total 354304K, used 241516K [0x0000000080000000, 0x0000000100000000)
  region size 1024K, 41 young (41984K), 13 survivors (13312K)
 Metaspace       used 132498K, capacity 136644K, committed 137392K, reserved 1169408K
  class space    used 16052K, capacity 17529K, committed 17664K, reserved 1048576K
}
Event: 17661.504 GC heap after
{Heap after GC invocations=440 (full 1):
 garbage-first heap   total 354304K, used 231118K [0x0000000080000000, 0x0000000100000000)
  region size 1024K, 6 young (6144K), 6 survivors (6144K)
 Metaspace       used 132498K, capacity 136644K, committed 137392K, reserved 1169408K
  class space    used 16052K, capacity 17529K, committed 17664K, reserved 1048576K
}
Event: 17661.901 GC heap before
{Heap before GC invocations=440 (full 1):
 garbage-first heap   total 354304K, used 271054K [0x0000000080000000, 0x0000000100000000)
  region size 1024K, 45 young (46080K), 6 survivors (6144K)
 Metaspace       used 132501K, capacity 136646K, committed 137392K, reserved 1169408K
  class space    used 16052K, capacity 17529K, committed 17664K, reserved 1048576K
}
Event: 17661.969 GC heap after
{Heap after GC invocations=441 (full 1):
 garbage-first heap   total 354304K, used 254670K [0x0000000080000000, 0x0000000100000000)
  region size 1024K, 6 young (6144K), 6 survivors (6144K)
 Metaspace       used 132501K, capacity 136646K, committed 137392K, reserved 1169408K
  class space    used 16052K, capacity 17529K, committed 17664K, reserved 1048576K
}
Event: 17663.525 GC heap before
{Heap before GC invocations=442 (full 1):
 garbage-first heap   total 354304K, used 277198K [0x0000000080000000, 0x0000000100000000)
  region size 1024K, 34 young (34816K), 6 survivors (6144K)
 Metaspace       used 132510K, capacity 136646K, committed 137392K, reserved 1169408K
  class space    used 16052K, capacity 17529K, committed 17664K, reserved 1048576K
}
Event: 17663.590 GC heap after
{Heap after GC invocations=443 (full 1):
 garbage-first heap   total 354304K, used 262862K [0x0000000080000000, 0x0000000100000000)
  region size 1024K, 5 young (5120K), 5 survivors (5120K)
 Metaspace       used 132510K, capacity 136646K, committed 137392K, reserved 1169408K
  class space    used 16052K, capacity 17529K, committed 17664K, reserved 1048576K
}
Event: 17664.039 GC heap before
{Heap before GC invocations=443 (full 1):
 garbage-first heap   total 354304K, used 274126K [0x0000000080000000, 0x0000000100000000)
  region size 1024K, 17 young (17408K), 5 survivors (5120K)
 Metaspace       used 132511K, capacity 136646K, committed 137392K, reserved 1169408K
  class space    used 16052K, capacity 17529K, committed 17664K, reserved 1048576K
}

